2014-12-03 15:45:36,357 - [INFO] - from play in pool-6-thread-5 
Listening for HTTP on /0:0:0:0:0:0:0:0:9000

2014-12-03 15:46:26,094 - [INFO] - from play in play-internal-execution-context-1 
Application started (Dev)

2014-12-03 15:46:26,657 - [INFO] - from akka.event.slf4j.Slf4jLogger in play-akka.actor.default-dispatcher-3 
Slf4jLogger started

2014-12-03 15:48:36,713 - [INFO] - from play in play-internal-execution-context-1 
Application started (Dev)

2014-12-03 15:49:47,754 - [INFO] - from play in play-internal-execution-context-1 
Application started (Dev)

2014-12-03 15:52:10,152 - [INFO] - from play in play-internal-execution-context-3 
Application started (Dev)

2014-12-03 15:52:57,995 - [INFO] - from play in play-internal-execution-context-4 
Application started (Dev)

2014-12-03 15:57:30,998 - [INFO] - from play in play-internal-execution-context-7 
Application started (Dev)

2014-12-03 16:01:21,177 - [INFO] - from play in play-internal-execution-context-11 
Application started (Dev)

2014-12-03 16:02:10,660 - [INFO] - from play in play-internal-execution-context-11 
Application started (Dev)

